//Homing Proton Missile particle
[IMAGE]: missile.png
[TIME]: 200
[SPEED]: 15
[ATTACHED]: False

//Size
[SIZE]: 0.4
[SIZE_ADD]: 0

//Transparency
[ALPHA]: 1.00
[ALPHA_ADD]: 0

//Rotation
[ROTATE]: 0
[ROTATE_ADD]: 0

//Sound effect
[SOUND_SPAWN]: missile.wav
[SOUND_END]: NONE

//Ending conditions
[CAN_COLLIDE]: TRUE
[COLLISION_END]: TRUE
[FRIENDLY_FIRE]: FALSE

//Spawn other particles on end
[PARTICLE_END]: blueexplosion.prt
[MULTISPAWN_END]: 1
[END_FACING_ADD]: 0

//Homing distance
[HOMING]: 1000
