//Spawns 4 other nukes
[IMAGE]: nuke.png
[TIME]: 1
[SPEED]: 0
[ATTACHED]: FALSE

//Size
[SIZE]: 0.01
[SIZE_ADD]: 0

//Transparency
[ALPHA]: 0.00
[ALPHA_ADD]: 0

//Rotation
[ROTATE]: 0
[ROTATE_ADD]: 0

//Direction
[FACING]: -0.4
[FACING_ADD]: 0.0

//Sound effect
[SOUND_SPAWN]: NONE
[SOUND_END]: NONE

//Ending conditions
[CAN_COLLIDE]: FALSE
[COLLISION_END]: FALSE
[FRIENDLY_FIRE]: FALSE

//Spawn other particles on end
[PARTICLE_END]: nuke.prt
[MULTISPAWN_END]: 4
[END_FACING_ADD]: 0.25

//Homing distance
[HOMING]: 1500
